TN:
SF:/Users/chenrou/git/yun-ui-doc/src/components/LeftSideBar/Item.vue
FN:16,data
FN:23,isFolder
FN:26,path
FN:34,toggle
FNF:4
FNH:0
FNDA:0,data
FNDA:0,isFolder
FNDA:0,path
FNDA:0,toggle
DA:0,1
DA:31,0
DA:37,0
DA:40,0
DA:41,0
DA:43,0
DA:48,0
DA:49,0
LF:8
LH:1
BRDA:24,1,0,0
BRDA:24,1,1,0
BRDA:27,2,0,0
BRDA:27,2,1,0
BRDA:35,3,0,0
BRDA:35,3,1,0
BRF:6
BRH:0
end_of_record
TN:
SF:/Users/chenrou/git/yun-ui-doc/src/components/LeftSideBar/index.vue
FN:19,_interopRequireDefault
FN:24,data
FN:29,mounted
FNF:3
FNH:1
FNDA:3,_interopRequireDefault
FNDA:0,data
FNDA:0,mounted
DA:0,3
DA:13,1
DA:14,1
DA:15,1
DA:17,1
DA:21,0
LF:6
LH:5
BRDA:19,1,0,1
BRDA:19,1,1,2
BRDA:19,2,0,3
BRDA:19,2,1,3
BRF:4
BRH:4
end_of_record
TN:
SF:/Users/chenrou/git/yun-ui-doc/src/menuList.js
FN:10,component
FN:17,component
FN:24,component
FN:33,component
FN:39,component
FN:45,component
FN:51,component
FN:57,component
FNF:8
FNH:0
FNDA:0,component
FNDA:0,component
FNDA:0,component
FNDA:0,component
FNDA:0,component
FNDA:0,component
FNDA:0,component
FNDA:0,component
DA:0,1
DA:6,0
DA:12,0
DA:18,0
DA:27,0
DA:32,0
DA:37,0
DA:42,0
DA:47,0
LF:9
LH:1
BRF:0
BRH:0
end_of_record
TN:
SF:/Users/chenrou/git/yun-ui-doc/src/components/Tree.vue
FNF:0
FNH:0
DA:0,1
LF:1
LH:1
BRF:0
BRH:0
end_of_record
TN:
SF:/Users/chenrou/git/yun-ui-doc/src/components/index.js
FN:23,_interopRequireDefault
FNF:1
FNH:1
FNDA:5,_interopRequireDefault
DA:0,5
DA:1,1
DA:2,1
DA:3,1
DA:4,1
DA:5,1
DA:7,1
LF:7
LH:7
BRDA:23,1,0,0
BRDA:23,1,1,5
BRDA:23,2,0,5
BRDA:23,2,1,5
BRF:4
BRH:4
end_of_record
TN:
SF:/Users/chenrou/git/yun-ui-doc/src/pages/Docs.vue
FNF:0
FNH:0
DA:0,1
DA:10,1
LF:2
LH:2
BRF:0
BRH:0
end_of_record
TN:
SF:/Users/chenrou/git/yun-ui-doc/src/pages/Root.vue
FNF:0
FNH:0
DA:0,1
DA:10,1
LF:2
LH:2
BRF:0
BRH:0
end_of_record
TN:
SF:/Users/chenrou/git/yun-ui-doc/src/pages/index.js
FN:19,_interopRequireDefault
FNF:1
FNH:1
FNDA:4,_interopRequireDefault
DA:0,4
DA:1,1
DA:2,1
DA:3,1
DA:4,1
DA:6,1
LF:6
LH:6
BRDA:19,1,0,0
BRDA:19,1,1,4
BRDA:19,2,0,4
BRDA:19,2,1,4
BRF:4
BRH:4
end_of_record
TN:
SF:/Users/chenrou/git/yun-ui-doc/src/router.js
FN:21,_interopRequireDefault
FN:26,(anonymous_2)
FN:33,(anonymous_3)
FNF:3
FNH:3
FNDA:3,_interopRequireDefault
FNDA:4,(anonymous_2)
FNDA:5,(anonymous_3)
DA:0,3
DA:1,1
DA:2,1
DA:3,1
DA:9,1
DA:11,1
DA:13,1
DA:14,1
DA:15,4
DA:16,3
DA:21,4
DA:22,5
DA:29,1
LF:13
LH:13
BRDA:21,1,0,1
BRDA:21,1,1,2
BRDA:21,2,0,3
BRDA:21,2,1,3
BRDA:27,3,0,3
BRDA:27,3,1,1
BRF:6
BRH:6
end_of_record
